2024-07-30 17:29:12,121 - MOT - INFO - Video_name:media\0017_fake.mp4.mp4 -  MainThread - 24028 
2024-07-30 17:29:13,711 - MOT - INFO - Saved facepics\0017_fake\frame_0.jpg -  MainThread - 24028 
2024-07-30 17:29:13,726 - MOT - INFO - Video_name:media\aajsqyyjni.mp4 -  MainThread - 24028 
2024-07-30 17:29:13,951 - MOT - INFO - Saved facepics\aajsqyyjni\frame_0.jpg -  MainThread - 24028 
2024-07-30 17:29:13,964 - MOT - INFO - Video_name:media\azlfodrdst.mp4 -  MainThread - 24028 
2024-07-30 17:29:14,201 - MOT - INFO - Saved facepics\azlfodrdst\frame_0.jpg -  MainThread - 24028 
2024-07-30 17:29:14,216 - MOT - INFO - Video_name:media\azlfodrdst_track_out.avi -  MainThread - 24028 
2024-07-30 17:29:14,377 - MOT - INFO - Saved facepics\azlfodrdst_track_out\frame_0.jpg -  MainThread - 24028 
2024-07-30 17:29:14,377 - MOT - INFO - Video_name:media\sample_4.mp4 -  MainThread - 24028 
2024-07-30 17:29:14,539 - MOT - INFO - Saved facepics\sample_4\frame_0.jpg -  MainThread - 24028 
2024-07-30 17:30:04,211 - MOT - INFO - Video_name:media\0017_fake.mp4.mp4 -  MainThread - 21488 
2024-07-30 17:30:05,591 - MOT - INFO - Saved facepics\0017_fake\frame_0.jpg -  MainThread - 21488 
2024-07-30 17:30:05,605 - MOT - INFO - Video_name:media\aajsqyyjni.mp4 -  MainThread - 21488 
2024-07-30 17:30:05,824 - MOT - INFO - Saved facepics\aajsqyyjni\frame_0.jpg -  MainThread - 21488 
2024-07-30 17:30:05,838 - MOT - INFO - Video_name:media\azlfodrdst.mp4 -  MainThread - 21488 
2024-07-30 17:30:06,051 - MOT - INFO - Saved facepics\azlfodrdst\frame_0.jpg -  MainThread - 21488 
2024-07-30 17:30:06,066 - MOT - INFO - Video_name:media\azlfodrdst_track_out.avi -  MainThread - 21488 
2024-07-30 17:30:06,221 - MOT - INFO - Saved facepics\azlfodrdst_track_out\frame_0.jpg -  MainThread - 21488 
2024-07-30 17:30:06,221 - MOT - INFO - Video_name:media\sample_4.mp4 -  MainThread - 21488 
2024-07-30 17:30:06,378 - MOT - INFO - Saved facepics\sample_4\frame_0.jpg -  MainThread - 21488 
