2024-07-30 17:41:37,304 - MOT - INFO - Video_name:media\0017_fake.mp4.mp4 -  MainThread - 21892 
2024-07-30 17:41:39,264 - MOT - INFO - Saved facepics\0017_fake\frame_0.jpg -  MainThread - 21892 
2024-07-30 17:41:39,273 - MOT - INFO - Video_name:media\aajsqyyjni.mp4 -  MainThread - 21892 
2024-07-30 17:41:39,555 - MOT - INFO - Saved facepics\aajsqyyjni\frame_0.jpg -  MainThread - 21892 
2024-07-30 17:41:39,569 - MOT - INFO - Video_name:media\azlfodrdst.mp4 -  MainThread - 21892 
2024-07-30 17:41:39,778 - MOT - INFO - Saved facepics\azlfodrdst\frame_0.jpg -  MainThread - 21892 
2024-07-30 17:41:39,788 - MOT - INFO - Video_name:media\azlfodrdst_track_out.avi -  MainThread - 21892 
2024-07-30 17:41:39,948 - MOT - INFO - Saved facepics\azlfodrdst_track_out\frame_0.jpg -  MainThread - 21892 
2024-07-30 17:41:39,953 - MOT - INFO - Video_name:media\sample_4.mp4 -  MainThread - 21892 
2024-07-30 17:41:40,123 - MOT - INFO - Saved facepics\sample_4\frame_0.jpg -  MainThread - 21892 
2024-07-30 17:46:48,244 - MOT - INFO - Video_name:media\0017_fake.mp4.mp4 -  MainThread - 21892 
2024-07-30 17:46:50,934 - MOT - INFO - Saved facepics\0017_fake\frame_0.jpg -  MainThread - 21892 
2024-07-30 17:46:50,954 - MOT - INFO - Video_name:media\aajsqyyjni.mp4 -  MainThread - 21892 
2024-07-30 17:46:51,264 - MOT - INFO - Saved facepics\aajsqyyjni\frame_0.jpg -  MainThread - 21892 
2024-07-30 17:46:51,284 - MOT - INFO - Video_name:media\azlfodrdst.mp4 -  MainThread - 21892 
2024-07-30 17:46:51,519 - MOT - INFO - Saved facepics\azlfodrdst\frame_0.jpg -  MainThread - 21892 
2024-07-30 17:46:51,534 - MOT - INFO - Video_name:media\azlfodrdst_track_out.avi -  MainThread - 21892 
2024-07-30 17:46:51,684 - MOT - INFO - Saved facepics\azlfodrdst_track_out\frame_0.jpg -  MainThread - 21892 
2024-07-30 17:46:51,684 - MOT - INFO - Video_name:media\sample_4.mp4 -  MainThread - 21892 
2024-07-30 17:46:51,834 - MOT - INFO - Saved facepics\sample_4\frame_0.jpg -  MainThread - 21892 
