2024-06-20 19:43:16,449 - MOT - INFO - Start track and extract...... -  MainThread - 20268 
2024-06-20 19:43:18,435 - MOT - INFO - Video_name:media\azlfodrdst.mp4 -  MainThread - 20268 
2024-06-20 19:43:20,657 - MOT - INFO - Detected faces in frame 0: [[ 464.9116    943.5696    569.37     1141.6473  ]
 [  68.062996   50.181393  887.21783  1567.9305  ]
 [ 820.812    1114.8406    864.52844  1166.2632  ]
 [ 320.98572  1053.0021    425.97586  1157.6151  ]
 [ 933.8778    673.7725    955.02795   723.44934 ]
 [ 613.0746   1136.6665    693.31067  1222.0792  ]
 [ 813.26575  1140.7504    864.92413  1207.2723  ]
 [ 813.2192   1202.3024    863.6097   1266.1536  ]
 [ 653.2986    989.8099    716.8844   1060.7527  ]
 [ 664.56134  1188.1538    749.7711   1286.0673  ]
 [ 789.7748   1112.2554    844.4512   1170.26    ]
 [ 716.35944  1199.2592    775.9245   1273.1998  ]
 [ 337.21936   958.60864   385.13412  1008.7807  ]
 [ 651.48883  1033.6805    718.09595  1108.9657  ]
 [ 703.4671   1101.3768    750.6423   1159.3763  ]
 [ 691.73065  1166.8457    744.8411   1227.0939  ]
 [ 364.87622   965.7493    408.51297  1014.4557  ]
 [ 302.18195   889.4434    351.63165   940.9185  ]
 [ 696.65216  1050.6471    748.71136  1110.3551  ]
 [ 415.2759   1003.5103    448.67892  1049.5503  ]
 [ 444.96732  1484.7031    695.07196  1718.205   ]
 [ 916.08405   643.0769    936.87506   682.6623  ]
 [ 729.44543  1165.5934    773.5671   1219.788   ]
 [ 731.13116  1103.0215    772.6836   1157.6394  ]
 [ 857.68134  1284.9663    944.489    1391.2039  ]
 [ 790.884    1000.2087    840.57043  1054.6163  ]
 [   0.       1446.5234    272.66122  1712.4094  ]
 [ 767.0325   1048.7415    816.92084  1105.0684  ]
 [ 294.36365   937.45795   487.0692   1177.6505  ]
 [ 781.3758   1036.1189    837.85974  1099.5476  ]
 [ 276.9858    889.8118    322.24466   939.0095  ]
 [ 251.58295   816.1568    477.2528   1082.4579  ]
 [ 332.54654   897.3203    376.5289    943.10834 ]
 [ 643.09717  1209.9774    734.0056   1326.9889  ]
 [ 628.6473   1032.5099    850.3135   1311.7588  ]
 [ 415.17508  1189.7979    801.52637  1620.477   ]
 [ 630.2598    979.3142    692.0648   1053.6233  ]
 [ 926.12103   721.5639    948.49615   775.1164  ]
 [ 156.19878   764.415     199.05324   839.4341  ]
 [ 729.84894  1054.5298    773.6882   1110.1036  ]
 [ 763.5838   1155.8588    813.34     1213.1951  ]
 [ 311.24326   971.15344   390.08624  1050.0459  ]
 [ 658.10065   870.82666   717.2678    940.0527  ]
 [ 649.1496   1145.2311    725.5959   1229.0104  ]
 [ 189.98656  1068.5336    218.67972  1115.0015  ]
 [ 378.5156   1032.0109    443.67752  1118.7101  ]
 [ 818.6426   1052.9172    863.9422   1105.5874  ]
 [ 810.3078   1245.2026    860.05743  1308.7805  ]
 [ 272.53275   999.6802    321.8553   1049.1722  ]
 [ 507.73093  1587.8092    626.26685  1706.076   ]
 [ 814.4703   1158.3643    965.2716   1504.0012  ]
 [ 784.3485   1239.9425    837.40454  1303.9194  ]
 [ 372.60233  1097.2812    447.24695  1207.7903  ]
 [ 195.61786  1004.025     223.71204  1053.8516  ]
 [ 768.693    1112.3442    818.55524  1165.7095  ]
 [ 639.3576      0.        972.       1441.2234  ]
 [ 696.42914   998.01495   747.48425  1056.4922  ]
 [ 920.0832   1055.7709    945.1005   1108.9861  ]
 [ 705.60834   879.52606   753.25256   940.6289  ]
 [ 922.8388   1092.8541    952.42395  1152.5576  ]
 [ 492.408     906.38794   681.3369   1165.9271  ]
 [ 727.40607   995.4773    778.12494  1055.1681  ]
 [ 924.10535   753.51575   951.7757    825.1804  ]
 [ 117.09589   618.64716   440.5009   1226.9143  ]
 [ 309.4559    960.13324   356.33536  1008.2381  ]
 [ 558.1506    960.9264    875.1104   1509.5586  ]
 [ 756.8009   1231.6367    811.20557  1302.1567  ]
 [ 152.85817   818.37036   200.59036   898.87604 ]
 [ 637.4541    879.61316   691.7609    938.8749  ]
 [ 760.28516   997.3473    814.3036   1054.0868  ]
 [ 858.87585  1232.0579    946.7466   1341.244   ]
 [ 164.62177  1060.6595    197.0842   1114.1693  ]
 [ 754.8669    942.76135   809.3385   1002.4427  ]
 [ 150.06284   858.20154   199.68967   936.82886 ]
 [ 580.4391   1094.2671    761.54535  1335.2251  ]
 [ 708.95557   951.82336   752.4545   1007.05066 ]
 [ 732.1255    942.09155   781.76544  1004.80676 ]
 [ 465.7701    693.3745    862.167    1172.5308  ]
 [ 195.89366   820.81384   623.4985   1228.2738  ]
 [ 648.2429   1082.3545    721.55365  1160.7507  ]
 [ 181.04979   876.4877    219.89354   941.05365 ]
 [ 638.3689    943.64954   689.26404  1003.5403  ]
 [ 181.76773   771.6623    221.35751   836.6007  ]
 [ 807.2382   1362.9546    862.2475   1426.8851  ]
 [ 419.12155   998.135     478.2302   1109.9027  ]
 [ 223.97603   678.7437    257.57443   731.19446 ]
 [ 670.9038   1185.852     874.6205   1457.157   ]
 [ 658.25385   938.7943    714.32043  1002.7624  ]
 [ 340.52454  1014.9438    544.13666  1275.2225  ]
 [ 166.63957   735.80597   199.4071    790.38666 ]
 [  65.07189   801.4155    359.37302  1448.125   ]
 [ 534.1091    984.37836   733.611    1241.279   ]
 [ 617.66077  1094.0172    694.3667   1171.0789  ]
 [ 253.0223    681.3468    287.2754    728.432   ]
 [ 182.94771   836.92303   220.15689   895.63824 ]
 [ 274.14722   954.9953    321.7655   1003.51117 ]
 [  25.391949  671.0999    587.2252   1728.      ]
 [ 811.8726    999.8319    861.97174  1056.507   ]
 [ 413.30966  1090.2944    476.6681   1210.4501  ]
 [ 404.29388   674.5834    440.98425   724.79095 ]] -  MainThread - 20268 
2024-06-20 19:43:20,702 - MOT - INFO - Saved facepics\azlfodrdst\frame_0_face_0.png -  MainThread - 20268 
2024-06-20 19:43:20,722 - MOT - INFO - Video_name:media\azlfodrdst_track_out.avi -  MainThread - 20268 
2024-06-20 19:43:20,832 - MOT - INFO - Detected faces in frame 0: [[ 420.00513   850.99493   512.25366  1025.0419  ]
 [  64.269035   34.762054  805.1071   1414.389   ]
 [ 289.01862   942.7673    382.51566  1047.5778  ]
 [ 737.3424   1007.2691    777.9236   1051.528   ]
 [ 556.7188   1026.4171    623.06244  1098.6814  ]
 [ 730.9243   1026.9824    779.2034   1086.0526  ]
 [ 731.74335  1083.9205    777.4458   1139.4235  ]
 [ 712.51306  1004.7456    760.9696   1054.2247  ]
 [ 370.2149    889.6584    404.91006   948.3372  ]
 [ 839.88025   606.5236    860.1112    649.5709  ]
 [ 273.0515    801.0406    316.55685   847.65344 ]
 [ 261.12344   837.1565    430.31104  1067.3558  ]
 [ 652.99677  1088.0277    698.6244   1143.6804  ]
 [ 400.93744  1336.917     624.85516  1545.3992  ]
 [ 604.5297   1076.3259    670.83185  1152.2474  ]
 [ 342.46472   907.4815    403.62735  1012.56354 ]
 [ 598.7549    899.2005    647.6263    953.94354 ]
 [ 636.7159    997.2445    674.42535  1040.7053  ]
 [ 824.3837    578.1887    843.9494    613.2649  ]
 [ 662.0736   1057.6237    695.788    1097.6659  ]
 [ 598.6068    940.3283    649.27856   998.3146  ]
 [ 772.90533  1157.855     850.5274   1250.4487  ]
 [ 625.48846   947.9519    672.5902   1000.45386 ]
 [ 375.27347   988.6056    433.92328  1096.1648  ]
 [ 628.74194  1060.2825    668.462    1103.4993  ]
 [ 661.0927   1000.2514    694.36255  1041.6672  ]
 [   0.       1304.1969    245.99503  1540.5258  ]
 [ 340.47482   983.5707    405.77316  1087.3676  ]
 [ 586.9589    236.56676   875.       1509.9441  ]
 [ 702.7805    932.4719    755.0081    988.62415 ]
 [ 711.05536   901.98413   757.7905    950.3473  ]
 [ 692.91254   945.604     735.73737   993.5577  ]
 [ 828.8843    680.10236   855.7353    741.46716 ]
 [ 830.4665    649.5878    853.0995    696.2227  ]
 [ 373.12888  1076.5388    722.0758   1460.9237  ]
 [ 824.821     951.9248    848.79      998.6915  ]
 [ 591.98376  1041.7284    650.72565  1102.952   ]
 [ 454.56888  1428.1981    564.0371   1534.3911  ]
 [ 281.9401    871.4778    357.29245   954.71747 ]
 [ 176.69331   904.46967   201.28      947.0839  ]
 [ 224.3035    743.6469    422.47302   988.28326 ]
 [ 690.56903  1044.289     732.44354  1090.7217  ]
 [ 369.45953   890.4241    427.3393   1009.4085  ]
 [ 581.87866  1090.4094    658.4936   1192.7206  ]
 [ 171.44185   961.3956    196.93686  1002.2281  ]
 [ 656.2508    952.2031    694.4286    998.2054  ]
 [ 829.49414   985.58154   856.7559   1036.6024  ]
 [ 738.26587   948.6393    779.7551    993.7123  ]
 [ 729.10095  1124.912     773.6823   1180.1372  ]
 [ 139.499     687.65796   178.98311   754.6057  ]
 [ 248.95938   802.6579    290.67725   846.14435 ]
 [ 303.6126    807.584     342.93564   851.14026 ]
 [ 566.83527   970.99274   757.3482   1219.1085  ]
 [ 311.39383   789.11743   478.49457  1021.351   ]
 [ 578.3535    890.52435   619.9124    946.13416 ]
 [ 509.63397   873.22473   793.0482   1357.1434  ]
 [ 312.01733   919.848     493.4679   1149.9874  ]
 [ 695.245    1004.87976   737.3395   1049.3483  ]
 [ 732.35376  1040.4769    869.3657   1353.2825  ]
 [ 622.4149    900.7341    671.31226   953.2416  ]
 [ 303.94543   858.3966    349.87732   908.5184  ]
 [ 569.7778    935.9311    620.9221   1000.12006 ]
 [ 706.6465   1119.7069    754.26385  1174.3616  ]
 [ 773.5269   1111.9088    852.3657   1204.0854  ]
 [ 682.6173   1112.8246    729.7379   1173.0774  ]
 [  31.002579  728.3856    434.74402  1109.5701  ]
 [ 134.37599   772.49915   179.73477   842.28595 ]
 [ 551.43835   676.7759    801.0664    919.62573 ]
 [ 568.81995   870.5721    776.6056   1119.7914  ]
 [ 274.81915   980.164     367.38245  1088.6243  ]
 [ 828.16986   897.5598    850.6428    949.23553 ]
 [ 598.1934    789.9957    646.4042    843.98303 ]
 [ 684.5337    898.39136   733.239     949.2034  ]
 [ 136.95006   737.1385    180.17915   807.75635 ]
 [ 683.99664  1092.3966    728.36127  1143.2549  ]
 [ 710.1189    851.9739    756.2309    899.94684 ]
 [ 430.65454   869.34235   608.47284  1100.3198  ]
 [ 651.5488   1109.5326    700.88104  1178.5729  ]
 [ 398.10028   821.67804   428.37228   862.028   ]
 [ 726.3997   1230.0065    775.78986  1285.1481  ]
 [ 199.24634   610.98193   231.80623   658.95465 ]
 [ 338.09607  1028.6477    400.64935  1131.6422  ]
 [ 147.23274   954.44      176.96523  1001.4043  ]
 [ 561.8217    991.93256   619.7528   1053.6504  ]
 [ 678.97076   847.70917   729.076     902.0529  ]
 [  46.9261    631.2326     90.968994  696.51465 ]
 [ 654.4447    903.0215    699.29376   951.95386 ]
 [ 634.31885   794.87756   678.04047   845.1936  ]
 [ 820.21594  1043.8835    853.32306  1099.3014  ]
 [ 602.4348   1066.5438    787.22473  1311.2399  ]
 [ 161.62282   788.6618    197.3487    846.4325  ]
 [ 148.68494   662.36725   179.70363   711.3186  ]
 [ 632.0322    931.017     839.2377   1164.702   ]
 [ 262.69464  1015.40515   327.5223   1093.3679  ]
 [ 595.5137    984.17053   650.0738   1042.0548  ]
 [ 379.53888   828.98096   744.54694  1201.3699  ]
 [ 195.24141   649.70953   231.75665   702.7432  ]
 [ 225.77374   615.6817    258.33148   657.2409  ]
 [ 435.8011     87.8262    875.        948.91205 ]
 [ 237.52747   760.0221    602.3328   1109.6879  ]] -  MainThread - 20268 
2024-06-20 19:43:20,877 - MOT - INFO - Saved facepics\azlfodrdst_track_out\frame_0_face_0.png -  MainThread - 20268 
