2024-06-19 17:28:43,244 - MOT - INFO - Start track and extract...... -  MainThread - 17192 
2024-06-19 17:28:45,822 - MOT - INFO - Video_name:media\azlfodrdst.mp4 -  MainThread - 17192 
2024-06-19 17:28:48,866 - MOT - INFO - Detected faces in frame 0: [[ 464.9116    943.5696    569.37     1141.6473  ]
 [  68.062996   50.181393  887.21783  1567.9305  ]
 [ 820.812    1114.8406    864.52844  1166.2632  ]
 [ 320.98572  1053.0021    425.97586  1157.6151  ]
 [ 933.8778    673.7725    955.02795   723.44934 ]
 [ 613.0746   1136.6665    693.31067  1222.0792  ]
 [ 813.26575  1140.7504    864.92413  1207.2723  ]
 [ 813.2192   1202.3024    863.6097   1266.1536  ]
 [ 653.2986    989.8099    716.8844   1060.7527  ]
 [ 664.56134  1188.1538    749.7711   1286.0673  ]
 [ 789.7748   1112.2554    844.4512   1170.26    ]
 [ 716.35944  1199.2592    775.9245   1273.1998  ]
 [ 337.21936   958.60864   385.13412  1008.7807  ]
 [ 651.48883  1033.6805    718.09595  1108.9657  ]
 [ 703.4671   1101.3768    750.6423   1159.3763  ]
 [ 691.73065  1166.8457    744.8411   1227.0939  ]
 [ 364.87622   965.7493    408.51297  1014.4557  ]
 [ 302.18195   889.4434    351.63165   940.9185  ]
 [ 696.65216  1050.6471    748.71136  1110.3551  ]
 [ 415.2759   1003.5103    448.67892  1049.5503  ]
 [ 444.96732  1484.7031    695.07196  1718.205   ]
 [ 916.08405   643.0769    936.87506   682.6623  ]
 [ 729.44543  1165.5934    773.5671   1219.788   ]
 [ 731.13116  1103.0215    772.6836   1157.6394  ]
 [ 857.68134  1284.9663    944.489    1391.2039  ]
 [ 790.884    1000.2087    840.57043  1054.6163  ]
 [   0.       1446.5234    272.66122  1712.4094  ]
 [ 767.0325   1048.7415    816.92084  1105.0684  ]
 [ 294.36365   937.45795   487.0692   1177.6505  ]
 [ 781.3758   1036.1189    837.85974  1099.5476  ]
 [ 276.9858    889.8118    322.24466   939.0095  ]
 [ 251.58295   816.1568    477.2528   1082.4579  ]
 [ 332.54654   897.3203    376.5289    943.10834 ]
 [ 643.09717  1209.9774    734.0056   1326.9889  ]
 [ 628.6473   1032.5099    850.3135   1311.7588  ]
 [ 415.17508  1189.7979    801.52637  1620.477   ]
 [ 630.2598    979.3142    692.0648   1053.6233  ]
 [ 926.12103   721.5639    948.49615   775.1164  ]
 [ 156.19878   764.415     199.05324   839.4341  ]
 [ 729.84894  1054.5298    773.6882   1110.1036  ]
 [ 763.5838   1155.8588    813.34     1213.1951  ]
 [ 311.24326   971.15344   390.08624  1050.0459  ]
 [ 658.10065   870.82666   717.2678    940.0527  ]
 [ 649.1496   1145.2311    725.5959   1229.0104  ]
 [ 189.98656  1068.5336    218.67972  1115.0015  ]
 [ 378.5156   1032.0109    443.67752  1118.7101  ]
 [ 818.6426   1052.9172    863.9422   1105.5874  ]
 [ 810.3078   1245.2026    860.05743  1308.7805  ]
 [ 272.53275   999.6802    321.8553   1049.1722  ]
 [ 507.73093  1587.8092    626.26685  1706.076   ]
 [ 814.4703   1158.3643    965.2716   1504.0012  ]
 [ 784.3485   1239.9425    837.40454  1303.9194  ]
 [ 372.60233  1097.2812    447.24695  1207.7903  ]
 [ 195.61786  1004.025     223.71204  1053.8516  ]
 [ 768.693    1112.3442    818.55524  1165.7095  ]
 [ 639.3576      0.        972.       1441.2234  ]
 [ 696.42914   998.01495   747.48425  1056.4922  ]
 [ 920.0832   1055.7709    945.1005   1108.9861  ]
 [ 705.60834   879.52606   753.25256   940.6289  ]
 [ 922.8388   1092.8541    952.42395  1152.5576  ]
 [ 492.408     906.38794   681.3369   1165.9271  ]
 [ 727.40607   995.4773    778.12494  1055.1681  ]
 [ 924.10535   753.51575   951.7757    825.1804  ]
 [ 117.09589   618.64716   440.5009   1226.9143  ]
 [ 309.4559    960.13324   356.33536  1008.2381  ]
 [ 558.1506    960.9264    875.1104   1509.5586  ]
 [ 756.8009   1231.6367    811.20557  1302.1567  ]
 [ 152.85817   818.37036   200.59036   898.87604 ]
 [ 637.4541    879.61316   691.7609    938.8749  ]
 [ 760.28516   997.3473    814.3036   1054.0868  ]
 [ 858.87585  1232.0579    946.7466   1341.244   ]
 [ 164.62177  1060.6595    197.0842   1114.1693  ]
 [ 754.8669    942.76135   809.3385   1002.4427  ]
 [ 150.06284   858.20154   199.68967   936.82886 ]
 [ 580.4391   1094.2671    761.54535  1335.2251  ]
 [ 708.95557   951.82336   752.4545   1007.05066 ]
 [ 732.1255    942.09155   781.76544  1004.80676 ]
 [ 465.7701    693.3745    862.167    1172.5308  ]
 [ 195.89366   820.81384   623.4985   1228.2738  ]
 [ 648.2429   1082.3545    721.55365  1160.7507  ]
 [ 181.04979   876.4877    219.89354   941.05365 ]
 [ 638.3689    943.64954   689.26404  1003.5403  ]
 [ 181.76773   771.6623    221.35751   836.6007  ]
 [ 807.2382   1362.9546    862.2475   1426.8851  ]
 [ 419.12155   998.135     478.2302   1109.9027  ]
 [ 223.97603   678.7437    257.57443   731.19446 ]
 [ 670.9038   1185.852     874.6205   1457.157   ]
 [ 658.25385   938.7943    714.32043  1002.7624  ]
 [ 340.52454  1014.9438    544.13666  1275.2225  ]
 [ 166.63957   735.80597   199.4071    790.38666 ]
 [  65.07189   801.4155    359.37302  1448.125   ]
 [ 534.1091    984.37836   733.611    1241.279   ]
 [ 617.66077  1094.0172    694.3667   1171.0789  ]
 [ 253.0223    681.3468    287.2754    728.432   ]
 [ 182.94771   836.92303   220.15689   895.63824 ]
 [ 274.14722   954.9953    321.7655   1003.51117 ]
 [  25.391949  671.0999    587.2252   1728.      ]
 [ 811.8726    999.8319    861.97174  1056.507   ]
 [ 413.30966  1090.2944    476.6681   1210.4501  ]
 [ 404.29388   674.5834    440.98425   724.79095 ]] -  MainThread - 17192 
2024-06-19 17:28:48,965 - MOT - INFO - Saved facepics\azlfodrdst\frame_0_face_0.png -  MainThread - 17192 
2024-06-19 17:28:49,270 - MOT - INFO - Video_name:media\azlfodrdst_track_out.avi -  MainThread - 17192 
2024-06-19 17:28:49,616 - MOT - INFO - Detected faces in frame 0: [[ 419.32098   850.45404   511.787    1022.4283  ]
 [  71.92374    47.242214  813.84766  1428.0807  ]
 [ 284.58212   942.9444    381.30298  1049.8689  ]
 [ 737.3424   1007.2691    777.9236   1051.528   ]
 [ 379.53064   902.96875   405.61523   946.16394 ]
 [ 730.9243   1026.9824    779.2034   1086.0526  ]
 [ 731.74335  1083.9205    777.4458   1139.4235  ]
 [ 560.6568   1028.3829    621.36334  1096.8895  ]
 [ 712.52496  1004.8033    760.9578   1054.2458  ]
 [ 839.88025   606.5236    860.1112    649.5709  ]
 [ 653.76483  1088.318     698.76715  1143.502   ]
 [ 400.93744  1336.917     624.85516  1545.3992  ]
 [ 272.44528   801.106     316.88077   848.15375 ]
 [ 824.3837    578.1887    843.9494    613.2649  ]
 [ 606.65173  1077.7739    670.34814  1151.5979  ]
 [ 662.9434   1058.2368    696.0435   1097.4806  ]
 [ 772.90533  1157.855     850.5274   1250.4487  ]
 [ 586.4837    240.03615   875.       1509.6118  ]
 [ 639.5085    999.90265   674.2216   1040.4951  ]
 [   0.       1304.1969    245.99503  1540.5258  ]
 [ 631.21576  1062.6885    668.6746   1103.7167  ]
 [ 661.6282   1000.9158    694.3131   1041.5479  ]
 [ 349.9048    918.8738    400.6682   1000.83514 ]
 [ 702.7846    932.5074    754.99396   988.61554 ]
 [ 711.04663   902.0286    757.76807   950.3666  ]
 [ 627.5487    949.7566    671.97876   999.5827  ]
 [ 828.8843    680.10236   855.7353    741.46716 ]
 [ 338.13434   953.8241    402.83725  1043.5022  ]
 [ 557.5389   1046.8965    627.29663  1139.5588  ]
 [ 830.4665    649.5878    853.0995    696.2227  ]
 [ 219.95972   891.24445   391.88     1104.213   ]
 [ 377.97797  1073.2373    721.02704  1462.427   ]
 [ 824.821     951.9248    848.79      998.6915  ]
 [ 454.56888  1428.1981    564.0371   1534.3911  ]
 [ 600.72687   944.60876   649.3784    998.655   ]
 [ 176.6929    904.46985   201.27989   947.0845  ]
 [ 344.65796   992.41925   405.07187  1090.9349  ]
 [ 690.61096  1044.2152    732.5079   1090.7148  ]
 [ 171.44144   961.3951    196.93684  1002.2283  ]
 [ 829.49414   985.58154   856.7559   1036.6024  ]
 [ 371.8619   1021.7421    432.81635  1130.9435  ]
 [ 738.26587   948.6393    779.7551    993.7123  ]
 [ 598.62177   901.3064    647.5232    953.59644 ]
 [ 729.10095  1124.912     773.6823   1180.1372  ]
 [ 139.499     687.65796   178.98311   754.6057  ]
 [ 594.33105  1045.0369    649.28625  1102.3519  ]
 [ 282.41324   876.8515    355.31784   954.37195 ]
 [ 510.55164   870.5953    791.0181   1358.4613  ]
 [ 656.22833   952.4046    694.0343    997.8502  ]
 [ 229.02429   800.0874    413.9811   1025.4519  ]
 [ 113.40415   644.4327    390.37183  1193.6493  ]
 [ 732.35376  1040.4769    869.3657   1353.2825  ]
 [ 695.20905  1004.80225   737.31665  1049.4331  ]
 [ 248.75647   802.4856    290.757     846.27216 ]
 [ 569.697     970.7847    758.6218   1218.2106  ]
 [ 584.5026   1093.4064    657.56036  1192.0294  ]
 [ 552.34503   676.78656   799.6937    919.6057  ]
 [ 706.6444   1119.7096    754.26733  1174.3694  ]
 [ 773.5269   1111.9088    852.3657   1204.0854  ]
 [ 682.7136   1112.7976    729.7503   1173.0875  ]
 [ 134.37599   772.49915   179.73477   842.28595 ]
 [ 377.54056   826.8618    744.86975  1203.7312  ]
 [ 264.30075   973.82935   456.1506   1199.7748  ]
 [ 828.16986   897.5598    850.6428    949.23553 ]
 [ 710.12305   852.0103    756.21423   899.94025 ]
 [ 136.95006   737.1385    180.17915   807.75635 ]
 [ 621.4984    928.1174    833.0043   1160.1937  ]
 [ 684.125    1092.3737    728.3941   1143.2217  ]
 [ 684.657     898.1949    732.9511    948.96045 ]
 [ 379.26288   900.23254   428.08282  1000.21826 ]
 [ 388.25748   890.7569    425.31622   953.0825  ]
 [ 651.8494   1109.8038    700.96954  1178.434   ]
 [ 726.3997   1230.0065    775.78986  1285.1481  ]
 [ 199.27289   611.03723   231.81175   658.97107 ]
 [ 147.23274   954.44      176.96523  1001.4043  ]
 [  46.9261    631.2326     90.968994  696.51465 ]
 [ 820.21594  1043.8835    853.32306  1099.3014  ]
 [ 633.86084   795.57574   677.6252    844.85944 ]
 [ 679.1038    847.45294   728.7082    901.76074 ]
 [ 569.2729    998.80896   618.3734   1052.2622  ]
 [ 602.515    1066.5494    787.18427  1311.1516  ]
 [ 161.62315   788.663     197.349     846.4326  ]
 [ 148.68494   662.36725   179.70363   711.3186  ]
 [ 225.88744   615.7647    258.36612   657.2405  ]
 [ 622.99554   902.00037   670.2947    952.6221  ]
 [ 178.7045    742.52325   558.6241   1112.2549  ]
 [ 572.361     821.75024   781.1649   1070.6049  ]
 [ 195.28816   649.7535    231.76582   702.7521  ]
 [ 341.1009   1032.4155    401.00543  1133.1881  ]
 [ 290.96475  1014.50574   374.34293  1130.8893  ]
 [ 436.42883    86.86102   875.        949.83295 ]
 [ 635.2133   1218.1951    875.       1555.      ]
 [ 654.658     903.6838    698.8294    951.43506 ]
 [ 588.3887    674.71014   618.06714   709.72034 ]
 [ 730.9993    902.8463    777.8365    952.9408  ]
 [ 309.8861    868.414     477.8212   1105.7662  ]
 [ 598.1836    791.1461    647.06635   844.30206 ]
 [ 830.3992    833.17395   852.1525    903.4364  ]
 [ 804.8941   1075.1581    852.2261   1146.6083  ]
 [ 581.93805   896.08826   620.8533    946.00385 ]] -  MainThread - 17192 
2024-06-19 17:28:49,642 - MOT - INFO - Saved facepics\azlfodrdst_track_out\frame_0_face_0.png -  MainThread - 17192 
