2024-06-19 23:49:20,528 - MOT - INFO - Start track and extract...... -  MainThread - 10916 
2024-06-19 23:49:21,254 - MOT - INFO - Video_name:media\azlfodrdst.mp4 -  MainThread - 10916 
2024-06-19 23:49:24,031 - MOT - INFO - Detected faces in frame 0: [[ 464.9116    943.5696    569.37     1141.6473  ]
 [  68.062996   50.181393  887.21783  1567.9305  ]
 [ 820.812    1114.8406    864.52844  1166.2632  ]
 [ 320.98572  1053.0021    425.97586  1157.6151  ]
 [ 933.8778    673.7725    955.02795   723.44934 ]
 [ 613.0746   1136.6665    693.31067  1222.0792  ]
 [ 813.26575  1140.7504    864.92413  1207.2723  ]
 [ 813.2192   1202.3024    863.6097   1266.1536  ]
 [ 653.2986    989.8099    716.8844   1060.7527  ]
 [ 664.56134  1188.1538    749.7711   1286.0673  ]
 [ 789.7748   1112.2554    844.4512   1170.26    ]
 [ 716.35944  1199.2592    775.9245   1273.1998  ]
 [ 337.21936   958.60864   385.13412  1008.7807  ]
 [ 651.48883  1033.6805    718.09595  1108.9657  ]
 [ 703.4671   1101.3768    750.6423   1159.3763  ]
 [ 691.73065  1166.8457    744.8411   1227.0939  ]
 [ 364.87622   965.7493    408.51297  1014.4557  ]
 [ 302.18195   889.4434    351.63165   940.9185  ]
 [ 696.65216  1050.6471    748.71136  1110.3551  ]
 [ 415.2759   1003.5103    448.67892  1049.5503  ]
 [ 444.96732  1484.7031    695.07196  1718.205   ]
 [ 916.08405   643.0769    936.87506   682.6623  ]
 [ 729.44543  1165.5934    773.5671   1219.788   ]
 [ 731.13116  1103.0215    772.6836   1157.6394  ]
 [ 857.68134  1284.9663    944.489    1391.2039  ]
 [ 790.884    1000.2087    840.57043  1054.6163  ]
 [   0.       1446.5234    272.66122  1712.4094  ]
 [ 767.0325   1048.7415    816.92084  1105.0684  ]
 [ 294.36365   937.45795   487.0692   1177.6505  ]
 [ 781.3758   1036.1189    837.85974  1099.5476  ]
 [ 276.9858    889.8118    322.24466   939.0095  ]
 [ 251.58295   816.1568    477.2528   1082.4579  ]
 [ 332.54654   897.3203    376.5289    943.10834 ]
 [ 643.09717  1209.9774    734.0056   1326.9889  ]
 [ 628.6473   1032.5099    850.3135   1311.7588  ]
 [ 415.17508  1189.7979    801.52637  1620.477   ]
 [ 630.2598    979.3142    692.0648   1053.6233  ]
 [ 926.12103   721.5639    948.49615   775.1164  ]
 [ 156.19878   764.415     199.05324   839.4341  ]
 [ 729.84894  1054.5298    773.6882   1110.1036  ]
 [ 763.5838   1155.8588    813.34     1213.1951  ]
 [ 311.24326   971.15344   390.08624  1050.0459  ]
 [ 658.10065   870.82666   717.2678    940.0527  ]
 [ 649.1496   1145.2311    725.5959   1229.0104  ]
 [ 189.98656  1068.5336    218.67972  1115.0015  ]
 [ 378.5156   1032.0109    443.67752  1118.7101  ]
 [ 818.6426   1052.9172    863.9422   1105.5874  ]
 [ 810.3078   1245.2026    860.05743  1308.7805  ]
 [ 272.53275   999.6802    321.8553   1049.1722  ]
 [ 507.73093  1587.8092    626.26685  1706.076   ]
 [ 814.4703   1158.3643    965.2716   1504.0012  ]
 [ 784.3485   1239.9425    837.40454  1303.9194  ]
 [ 372.60233  1097.2812    447.24695  1207.7903  ]
 [ 195.61786  1004.025     223.71204  1053.8516  ]
 [ 768.693    1112.3442    818.55524  1165.7095  ]
 [ 639.3576      0.        972.       1441.2234  ]
 [ 696.42914   998.01495   747.48425  1056.4922  ]
 [ 920.0832   1055.7709    945.1005   1108.9861  ]
 [ 705.60834   879.52606   753.25256   940.6289  ]
 [ 922.8388   1092.8541    952.42395  1152.5576  ]
 [ 492.408     906.38794   681.3369   1165.9271  ]
 [ 727.40607   995.4773    778.12494  1055.1681  ]
 [ 924.10535   753.51575   951.7757    825.1804  ]
 [ 117.09589   618.64716   440.5009   1226.9143  ]
 [ 309.4559    960.13324   356.33536  1008.2381  ]
 [ 558.1506    960.9264    875.1104   1509.5586  ]
 [ 756.8009   1231.6367    811.20557  1302.1567  ]
 [ 152.85817   818.37036   200.59036   898.87604 ]
 [ 637.4541    879.61316   691.7609    938.8749  ]
 [ 760.28516   997.3473    814.3036   1054.0868  ]
 [ 858.87585  1232.0579    946.7466   1341.244   ]
 [ 164.62177  1060.6595    197.0842   1114.1693  ]
 [ 754.8669    942.76135   809.3385   1002.4427  ]
 [ 150.06284   858.20154   199.68967   936.82886 ]
 [ 580.4391   1094.2671    761.54535  1335.2251  ]
 [ 708.95557   951.82336   752.4545   1007.05066 ]
 [ 732.1255    942.09155   781.76544  1004.80676 ]
 [ 465.7701    693.3745    862.167    1172.5308  ]
 [ 195.89366   820.81384   623.4985   1228.2738  ]
 [ 648.2429   1082.3545    721.55365  1160.7507  ]
 [ 181.04979   876.4877    219.89354   941.05365 ]
 [ 638.3689    943.64954   689.26404  1003.5403  ]
 [ 181.76773   771.6623    221.35751   836.6007  ]
 [ 807.2382   1362.9546    862.2475   1426.8851  ]
 [ 419.12155   998.135     478.2302   1109.9027  ]
 [ 223.97603   678.7437    257.57443   731.19446 ]
 [ 670.9038   1185.852     874.6205   1457.157   ]
 [ 658.25385   938.7943    714.32043  1002.7624  ]
 [ 340.52454  1014.9438    544.13666  1275.2225  ]
 [ 166.63957   735.80597   199.4071    790.38666 ]
 [  65.07189   801.4155    359.37302  1448.125   ]
 [ 534.1091    984.37836   733.611    1241.279   ]
 [ 617.66077  1094.0172    694.3667   1171.0789  ]
 [ 253.0223    681.3468    287.2754    728.432   ]
 [ 182.94771   836.92303   220.15689   895.63824 ]
 [ 274.14722   954.9953    321.7655   1003.51117 ]
 [  25.391949  671.0999    587.2252   1728.      ]
 [ 811.8726    999.8319    861.97174  1056.507   ]
 [ 413.30966  1090.2944    476.6681   1210.4501  ]
 [ 404.29388   674.5834    440.98425   724.79095 ]] -  MainThread - 10916 
2024-06-19 23:49:24,095 - MOT - INFO - Saved facepics\azlfodrdst\frame_0_face_0.png -  MainThread - 10916 
